<?xml version="1.0" encoding="UTF-8" ?>
<testsuite tests="10" failures="0" name="com.alipay.sofa.jraft.core.CliServiceTest" time="37.176" errors="0" skipped="0">
  <properties>
[...]
</properties>
  <testcase classname="com.alipay.sofa.jraft.core.CliServiceTest" name="testGetPeers" time="7.45"/>
  <testcase classname="com.alipay.sofa.jraft.core.CliServiceTest" name="testRelalanceOnTransferLeaderFail" time="1.793"/>
  <testcase classname="com.alipay.sofa.jraft.core.CliServiceTest" name="testRebalanceOnLeaderFail" time="1.211"/>
  <testcase classname="com.alipay.sofa.jraft.core.CliServiceTest" name="testAddPeerRemovePeer" time="3.465"/>
  <testcase classname="com.alipay.sofa.jraft.core.CliServiceTest" name="testTransferLeader" time="2.046"/>
  <testcase classname="com.alipay.sofa.jraft.core.CliServiceTest" name="testRebalance" time="1.071"/>
  <testcase classname="com.alipay.sofa.jraft.core.CliServiceTest" name="testGetAlivePeers" time="2.362"/>
  <testcase classname="com.alipay.sofa.jraft.core.CliServiceTest" name="testSnapshot" time="2.727"/>
  <testcase classname="com.alipay.sofa.jraft.core.CliServiceTest" name="testChangePeers" time="5.16"/>
  <testcase classname="com.alipay.sofa.jraft.core.CliServiceTest" name="testLearnerServices" time="9.891"/>
</testsuite>